1599267990204	mozrunner::runner	INFO	Running command: "C:\\Program Files\\Mozilla Firefox\\firefox.exe" "-marionette" "-foreground" "-no-remote" "-profile" "C:\\Users\\ADMINI~1\\AppData\\Local\\Temp\\rust_mozprofileJANgxL"
JavaScript error: resource://gre/modules/XULStore.jsm, line 66: Error: Can't find profile directory.
console.error: SearchCache: "_readCacheFile: Error reading cache file:" (new Error("", "(unknown module)"))
1599267993684	Marionette	INFO	Listening on port 2607
1599267993828	Marionette	WARN	TLS certificate errors will be ignored for this session
1599267995773	Marionette	INFO	Stopped listening on port 2607
console.warn: services.settings: main/cfr sync interrupted by shutdown
JavaScript error: resource://gre/modules/Sqlite.jsm, line 1031: Error: Sqlite.jsm has been shutdown. Cannot open connection to: C:\Users\Administrator\AppData\Local\Temp\rust_mozprofileJANgxL\protections.sqlite

###!!! [Child][RunMessage] Error: Channel closing: too late to send/recv, messages will be lost


###!!! [Child][MessageChannel::SendAndWait] Error: Channel error: cannot send/recv

1599269283791	mozrunner::runner	INFO	Running command: "C:\\Program Files\\Mozilla Firefox\\firefox.exe" "-marionette" "-foreground" "-no-remote" "-profile" "C:\\Users\\ADMINI~1\\AppData\\Local\\Temp\\rust_mozprofileo4L3pr"
JavaScript error: resource://gre/modules/XULStore.jsm, line 66: Error: Can't find profile directory.
console.error: SearchCache: "_readCacheFile: Error reading cache file:" (new Error("", "(unknown module)"))
1599269286737	Marionette	INFO	Listening on port 3045
1599269286926	Marionette	WARN	TLS certificate errors will be ignored for this session
1599269288582	Marionette	INFO	Stopped listening on port 3045
console.error: services.settings: 
  main/messaging-experiments Signature failed  TypeError: NetworkError when attempting to fetch resource.
console.error: services.settings: 
  main/message-groups Signature failed  TypeError: NetworkError when attempting to fetch resource.
console.error: services.settings: 
  main/partitioning-exempt-urls Signature failed  TypeError: NetworkError when attempting to fetch resource.
console.error: services.settings: 
  main/fxmonitor-breaches Signature failed  TypeError: NetworkError when attempting to fetch resource.
IPDL protocol error: Handler returned error code!

###!!! [Parent][DispatchAsyncMessage] Error: PLayerTransaction::Msg_ReleaseLayer Processing error: message was deserialized, but the handler returned false (indicating failure)

JavaScript error: resource://gre/modules/Sqlite.jsm, line 1031: Error: Sqlite.jsm has been shutdown. Cannot open connection to: C:\Users\Administrator\AppData\Local\Temp\rust_mozprofileo4L3pr\protections.sqlite

###!!! [Child][RunMessage] Error: Channel closing: too late to send/recv, messages will be lost


###!!! [Child][MessageChannel::SendAndWait] Error: Channel error: cannot send/recv

1599269484717	mozrunner::runner	INFO	Running command: "C:\\Program Files\\Mozilla Firefox\\firefox.exe" "-marionette" "-foreground" "-no-remote" "-profile" "C:\\Users\\ADMINI~1\\AppData\\Local\\Temp\\rust_mozprofilegZdMck"
JavaScript error: resource://gre/modules/XULStore.jsm, line 66: Error: Can't find profile directory.
console.error: SearchCache: "_readCacheFile: Error reading cache file:" (new Error("", "(unknown module)"))
1599269487468	Marionette	INFO	Listening on port 3156
1599269487834	Marionette	WARN	TLS certificate errors will be ignored for this session
1599269489828	Marionette	INFO	Stopped listening on port 3156
IPDL protocol error: Handler returned error code!

###!!! [Parent][DispatchAsyncMessage] Error: PLayerTransaction::Msg_ReleaseLayer Processing error: message was deserialized, but the handler returned false (indicating failure)

JavaScript error: resource://gre/modules/Sqlite.jsm, line 1031: Error: Sqlite.jsm has been shutdown. Cannot open connection to: C:\Users\Administrator\AppData\Local\Temp\rust_mozprofilegZdMck\protections.sqlite

###!!! [Child][MessageChannel::SendAndWait] Error: Channel error: cannot send/recv

1599269678591	mozrunner::runner	INFO	Running command: "C:\\Program Files\\Mozilla Firefox\\firefox.exe" "-marionette" "-foreground" "-no-remote" "-profile" "C:\\Users\\ADMINI~1\\AppData\\Local\\Temp\\rust_mozprofile9v9sH0"
JavaScript error: resource://gre/modules/XULStore.jsm, line 66: Error: Can't find profile directory.
console.error: SearchCache: "_readCacheFile: Error reading cache file:" (new Error("", "(unknown module)"))
1599269681242	Marionette	INFO	Listening on port 3266
1599269681712	Marionette	WARN	TLS certificate errors will be ignored for this session
JavaScript error: https://p.3.cn/prices/mgets?callback=jQuery9550936&type=1&area=19_1601_36953_0&skuIds=J_&pdbp=0&pdtk=&pdpin=&pin=&pduid=1599269682116307088490&ext=11101100111&source=search_pc&_=1599269690894, line 1: SyntaxError: unexpected token: identifier
1599269693986	Marionette	INFO	Stopped listening on port 3266
JavaScript error: resource://gre/modules/UrlClassifierListManager.jsm, line 691: TypeError: this.tablesData[table] is undefined

###!!! [Child][RunMessage] Error: Channel closing: too late to send/recv, messages will be lost


###!!! [Child][MessageChannel::SendAndWait] Error: Channel error: cannot send/recv

1599269951948	mozrunner::runner	INFO	Running command: "C:\\Program Files\\Mozilla Firefox\\firefox.exe" "-marionette" "-foreground" "-no-remote" "-profile" "C:\\Users\\ADMINI~1\\AppData\\Local\\Temp\\rust_mozprofiler2MdgP"
JavaScript error: resource://gre/modules/XULStore.jsm, line 66: Error: Can't find profile directory.
console.error: SearchCache: "_readCacheFile: Error reading cache file:" (new Error("", "(unknown module)"))
1599269954655	Marionette	INFO	Listening on port 3436
1599269955070	Marionette	WARN	TLS certificate errors will be ignored for this session
1599269958836	Marionette	INFO	Stopped listening on port 3436

###!!! [Child][RunMessage] Error: Channel closing: too late to send/recv, messages will be lost


###!!! [Child][MessageChannel::SendAndWait] Error: Channel error: cannot send/recv

1599271048782	mozrunner::runner	INFO	Running command: "C:\\Program Files\\Mozilla Firefox\\firefox.exe" "-marionette" "-foreground" "-no-remote" "-profile" "C:\\Users\\ADMINI~1\\AppData\\Local\\Temp\\rust_mozprofilewcGNX2"
JavaScript error: resource://gre/modules/XULStore.jsm, line 66: Error: Can't find profile directory.
console.error: SearchCache: "_readCacheFile: Error reading cache file:" (new Error("", "(unknown module)"))
1599271051735	Marionette	INFO	Listening on port 3856
1599271051906	Marionette	WARN	TLS certificate errors will be ignored for this session
1599271055323	Marionette	INFO	Stopped listening on port 3856

###!!! [Child][RunMessage] Error: Channel closing: too late to send/recv, messages will be lost


###!!! [Child][MessageChannel::SendAndWait] Error: Channel error: cannot send/recv

1599271078216	mozrunner::runner	INFO	Running command: "C:\\Program Files\\Mozilla Firefox\\firefox.exe" "-marionette" "-foreground" "-no-remote" "-profile" "C:\\Users\\ADMINI~1\\AppData\\Local\\Temp\\rust_mozprofilehSpOoe"
JavaScript error: resource://gre/modules/XULStore.jsm, line 66: Error: Can't find profile directory.
console.error: SearchCache: "_readCacheFile: Error reading cache file:" (new Error("", "(unknown module)"))
1599271080934	Marionette	INFO	Listening on port 3952
1599271081337	Marionette	WARN	TLS certificate errors will be ignored for this session
1599271084660	Marionette	INFO	Stopped listening on port 3952
console.error: services.settings: 
  main/whats-new-panel Signature failed  TypeError: NetworkError when attempting to fetch resource.

###!!! [Child][RunMessage] Error: Channel closing: too late to send/recv, messages will be lost


###!!! [Child][MessageChannel::SendAndWait] Error: Channel error: cannot send/recv

1599276531252	mozrunner::runner	INFO	Running command: "C:\\Program Files\\Mozilla Firefox\\firefox.exe" "-marionette" "-foreground" "-no-remote" "-profile" "C:\\Users\\ADMINI~1\\AppData\\Local\\Temp\\rust_mozprofileYxk6yo"
JavaScript error: resource://gre/modules/XULStore.jsm, line 66: Error: Can't find profile directory.
console.error: SearchCache: "_readCacheFile: Error reading cache file:" (new Error("", "(unknown module)"))
1599276534283	Marionette	INFO	Listening on port 5058
1599276534373	Marionette	WARN	TLS certificate errors will be ignored for this session
JavaScript error: https://p.3.cn/prices/mgets?callback=jQuery7113940&type=1&area=1_72_2799_0&skuIds=J_&pdbp=0&pdtk=&pdpin=&pin=&pduid=15992765385641585595216&ext=11101100111&source=search_pc&_=1599276540404, line 1: SyntaxError: unexpected token: identifier
1599276544475	Marionette	INFO	Stopped listening on port 5058

###!!! [Child][RunMessage] Error: Channel closing: too late to send/recv, messages will be lost


###!!! [Child][RunMessage] Error: Channel closing: too late to send/recv, messages will be lost


###!!! [Child][MessageChannel::SendAndWait] Error: Channel error: cannot send/recv

1599276582026	mozrunner::runner	INFO	Running command: "C:\\Program Files\\Mozilla Firefox\\firefox.exe" "-marionette" "-foreground" "-no-remote" "-profile" "C:\\Users\\ADMINI~1\\AppData\\Local\\Temp\\rust_mozprofileBZk825"
JavaScript error: resource://gre/modules/XULStore.jsm, line 66: Error: Can't find profile directory.
console.error: SearchCache: "_readCacheFile: Error reading cache file:" (new Error("", "(unknown module)"))
1599276584795	Marionette	INFO	Listening on port 5171
1599276585144	Marionette	WARN	TLS certificate errors will be ignored for this session
JavaScript error: https://p.3.cn/prices/mgets?callback=jQuery6893281&type=1&area=19_1601_36953_0&skuIds=J_&pdbp=0&pdtk=&pdpin=&pin=&pduid=159927658687434091015&ext=11101100111&source=search_pc&_=1599276587618, line 1: SyntaxError: unexpected token: identifier
JavaScript error: https://p.3.cn/prices/mgets?callback=jQuery5120325&type=1&area=19_1601_36953_0&skuIds=J_&pdbp=0&pdtk=&pdpin=&pin=&pduid=159927658687434091015&ext=11101100111&source=search_pc&_=1599276597645, line 1: SyntaxError: unexpected token: identifier
JavaScript error: https://p.3.cn/prices/mgets?callback=jQuery4702806&type=1&area=19_1601_36953_0&skuIds=J_&pdbp=0&pdtk=&pdpin=&pin=&pduid=159927658687434091015&ext=11101100111&source=search_pc&_=1599276633577, line 1: SyntaxError: unexpected token: identifier
1599276882625	mozrunner::runner	INFO	Running command: "C:\\Program Files\\Mozilla Firefox\\firefox.exe" "-marionette" "-foreground" "-no-remote" "-profile" "C:\\Users\\ADMINI~1\\AppData\\Local\\Temp\\rust_mozprofilertRJ7I"
JavaScript error: resource://gre/modules/XULStore.jsm, line 66: Error: Can't find profile directory.
console.error: SearchCache: "_readCacheFile: Error reading cache file:" (new Error("", "(unknown module)"))
1599276885396	Marionette	INFO	Listening on port 5353
1599276885755	Marionette	WARN	TLS certificate errors will be ignored for this session
JavaScript error: https://p.3.cn/prices/mgets?callback=jQuery9549211&type=1&area=1_72_2799_0&skuIds=J_&pdbp=0&pdtk=&pdpin=&pin=&pduid=15992768919161618018951&ext=11101100111&source=search_pc&_=1599276895443, line 1: SyntaxError: unexpected token: identifier
JavaScript error: https://p.3.cn/prices/mgets?callback=jQuery1959934&type=1&area=19_1601_36953_0&skuIds=J_&pdbp=0&pdtk=&pdpin=&pin=&pduid=15992768919161618018951&ext=11101100111&source=search_pc&_=1599276902276, line 1: SyntaxError: unexpected token: identifier
JavaScript error: https://p.3.cn/prices/mgets?callback=jQuery6126684&type=1&area=19_1601_36953_0&skuIds=J_&pdbp=0&pdtk=&pdpin=&pin=&pduid=15992768919161618018951&ext=11101100111&source=search_pc&_=1599276935436, line 1: SyntaxError: unexpected token: identifier
1599277162191	mozrunner::runner	INFO	Running command: "C:\\Program Files\\Mozilla Firefox\\firefox.exe" "-marionette" "-foreground" "-no-remote" "-profile" "C:\\Users\\ADMINI~1\\AppData\\Local\\Temp\\rust_mozprofilejAOyQb"
JavaScript error: resource://gre/modules/XULStore.jsm, line 66: Error: Can't find profile directory.
console.error: SearchCache: "_readCacheFile: Error reading cache file:" (new Error("", "(unknown module)"))
1599277164915	Marionette	INFO	Listening on port 5613
1599277165312	Marionette	WARN	TLS certificate errors will be ignored for this session
JavaScript error: https://p.3.cn/prices/mgets?callback=jQuery4934561&type=1&area=19_1601_36953_0&skuIds=J_&pdbp=0&pdtk=&pdpin=&pin=&pduid=&ext=11101100111&source=search_pc&_=1599277167897, line 1: SyntaxError: unexpected token: identifier
JavaScript error: https://p.3.cn/prices/mgets?callback=jQuery95319&type=1&area=19_1601_36953_0&skuIds=J_&pdbp=0&pdtk=&pdpin=&pin=&pduid=15992771704222097466665&ext=11101100111&source=search_pc&_=1599277470649, line 1: SyntaxError: unexpected token: identifier
JavaScript error: https://p.3.cn/prices/mgets?callback=jQuery1934164&type=1&area=19_1601_36953_0&skuIds=J_&pdbp=0&pdtk=&pdpin=&pin=&pduid=15992771704222097466665&ext=11101100111&source=search_pc&_=1599277894742, line 1: SyntaxError: unexpected token: identifier
1599277905140	Marionette	INFO	Stopped listening on port 5613

###!!! [Child][RunMessage] Error: Channel closing: too late to send/recv, messages will be lost


###!!! [Child][MessageChannel::SendAndWait] Error: Channel error: cannot send/recv

rror: unexpected token: identifier
JavaScript error: https://p.3.cn/prices/mgets?callback=jQuery1944424&type=1&area=19_1601_36953_0&skuIds=J_&pdbp=0&pdtk=&pdpin=&pin=&pduid=15992772188901393574990&ext=11101100111&source=search_pc&_=1599277228661, line 1: SyntaxError: unexpected token: identifier
1599277231289	Marionette	INFO	Stopped listening on port 5733

###!!! [Child][RunMessage] Error: Channel closing: too late to send/recv, messages will be lost


###!!! [Child][MessageChannel::SendAndWait] Error: Channel error: cannot send/recv

1599277520600	mozrunner::runner	INFO	Running command: "C:\\Program Files\\Mozilla Firefox\\firefox.exe" "-marionette" "-foreground" "-no-remote" "-profile" "C:\\Users\\ADMINI~1\\AppData\\Local\\Temp\\rust_mozprofilebVFiqH"
JavaScript error: resource://gre/modules/XULStore.jsm, line 66: Error: Can't find profile directory.
console.error: SearchCache: "_readCacheFile: Error reading cache file:" (new Error("", "(unknown module)"))
1599277523460	Marionette	INFO	Listening on port 6000
1599277523721	Marionette	WARN	TLS certificate errors will be ignored for this session
JavaScript error: https://p.3.cn/prices/mgets?callback=jQuery9732003&type=1&area=19_1601_36953_0&skuIds=J_&pdbp=0&pdtk=&pdpin=&pin=&pduid=&ext=11101100111&source=search_pc&_=1599277526269, line 1: SyntaxError: unexpected token: identifier
JavaScript error: https://p.3.cn/prices/mgets?callback=jQuery7075010&type=1&area=19_1601_36953_0&skuIds=J_&pdbp=0&pdtk=&pdpin=&pin=&pduid=1599277529249498381195&ext=11101100111&source=search_pc&_=1599277537289, line 1: SyntaxError: unexpected token: identifier
1599277542899	Marionette	INFO	Stopped listening on port 6000

###!!! [Child][RunMessage] Error: Channel closing: too late to send/recv, messages will be lost


###!!! [Child][RunMessage] Error: Channel closing: too late to send/recv, messages will be lost


###!!! [Child][MessageChannel::SendAndWait] Error: Channel error: cannot send/recv

1599277833186	mozrunner::runner	INFO	Running command: "C:\\Program Files\\Mozilla Firefox\\firefox.exe" "-marionette" "-foreground" "-no-remote" "-profile" "C:\\Users\\ADMINI~1\\AppData\\Local\\Temp\\rust_mozprofileGRtKLd"
JavaScript error: resource://gre/modules/XULStore.jsm, line 66: Error: Can't find profile directory.
console.error: SearchCache: "_readCacheFile: Error reading cache file:" (new Error("", "(unknown module)"))
1599277836145	Marionette	INFO	Listening on port 6207
1599277836310	Marionette	WARN	TLS certificate errors will be ignored for this session
JavaScript error: https://p.3.cn/prices/mgets?callback=jQuery8697498&type=1&area=1_72_2799_0&skuIds=J_&pdbp=0&pdtk=&pdpin=&pin=&pduid=15992778405151891413369&ext=11101100111&source=search_pc&_=1599277843794, line 1: SyntaxError: unexpected token: identifier
JavaScript error: https://p.3.cn/prices/mgets?callback=jQuery7959319&type=1&area=19_1601_36953_0&skuIds=J_&pdbp=0&pdtk=&pdpin=&pin=&pduid=15992778405151891413369&ext=11101100111&source=search_pc&_=1599277851160, line 1: SyntaxError: unexpected token: identifier
1599277854518	Marionette	INFO	Stopped listening on port 6207

###!!! [Child][RunMessage] Error: Channel closing: too late to send/recv, messages will be lost


###!!! [Child][RunMessage] Error: Channel closing: too late to send/recv, messages will be lost


###!!! [Child][MessageChannel::SendAndWait] Error: Channel error: cannot send/recv

1599353341345	mozrunner::runner	INFO	Running command: "C:\\Program Files\\Mozilla Firefox\\firefox.exe" "-marionette" "-foreground" "-no-remote" "-profile" "C:\\Users\\ADMINI~1\\AppData\\Local\\Temp\\rust_mozprofile3mfZPo"
JavaScript error: resource://gre/modules/XULStore.jsm, line 66: Error: Can't find profile directory.
console.error: SearchCache: "_readCacheFile: Error reading cache file:" (new Error("", "(unknown module)"))
1599353344480	Marionette	INFO	Listening on port 2598
1599353344535	Marionette	WARN	TLS certificate errors will be ignored for this session
JavaScript error: https://p.3.cn/prices/mgets?callback=jQuery2071853&type=1&area=1_72_2799_0&skuIds=J_&pdbp=0&pdtk=&pdpin=&pin=&pduid=1599353354161562504044&ext=11101100111&source=search_pc&_=1599353355983, line 1: SyntaxError: unexpected token: identifier
JavaScript error: https://p.3.cn/prices/mgets?callback=jQuery3172608&type=1&area=19_1601_3633_0&skuIds=J_&pdbp=0&pdtk=&pdpin=&pin=&pduid=1599353354161562504044&ext=11101100111&source=search_pc&_=1599353360996, line 1: SyntaxError: unexpected token: identifier
1599353363984	Marionette	INFO	Stopped listening on port 2598

###!!! [Child][RunMessage] Error: Channel closing: too late to send/recv, messages will be lost


###!!! [Child][RunMessage] Error: Channel closing: too late to send/recv, messages will be lost


###!!! [Child][MessageChannel::SendAndWait] Error: Channel error: cannot send/recv

1599355972995	mozrunner::runner	INFO	Running command: "C:\\Program Files\\Mozilla Firefox\\firefox.exe" "-marionette" "-foreground" "-no-remote" "-profile" "C:\\Users\\ADMINI~1\\AppData\\Local\\Temp\\rust_mozprofileASyzjp"
JavaScript error: resource://gre/modules/XULStore.jsm, line 66: Error: Can't find profile directory.
console.error: SearchCache: "_readCacheFile: Error reading cache file:" (new Error("", "(unknown module)"))
1599355976456	Marionette	INFO	Listening on port 3615
1599355976644	Marionette	WARN	TLS certificate errors will be ignored for this session
JavaScript error: https://p.3.cn/prices/mgets?callback=jQuery7855081&type=1&area=1_72_2799_0&skuIds=J_&pdbp=0&pdtk=&pdpin=&pin=&pduid=15993559822081918441938&ext=11101100111&source=search_pc&_=1599355982958, line 1: SyntaxError: unexpected token: identifier
JavaScript error: https://p.3.cn/prices/mgets?callback=jQuery5500677&type=1&area=19_1601_3633_0&skuIds=J_&pdbp=0&pdtk=&pdpin=&pin=&pduid=15993559822081918441938&ext=11101100111&source=search_pc&_=1599355993940, line 1: SyntaxError: unexpected token: identifier
JavaScript error: https://p.3.cn/prices/mgets?callback=jQuery2195334&type=1&area=19_1601_3633_0&skuIds=J_&pdbp=0&pdtk=&pdpin=&pin=&pduid=15993559822081918441938&ext=11101100111&source=search_pc&_=1599355998484, line 1: SyntaxError: unexpected token: identifier
JavaScript error: https://p.3.cn/prices/mgets?callback=jQuery9556742&type=1&area=19_1601_3633_0&skuIds=J_&pdbp=0&pdtk=&pdpin=&pin=&pduid=15993559822081918441938&ext=11101100111&source=search_pc&_=1599356003486, line 1: SyntaxError: unexpected token: identifier
JavaScript error: https://p.3.cn/prices/mgets?callback=jQuery6471452&type=1&area=19_1601_3633_0&skuIds=J_&pdbp=0&pdtk=&pdpin=&pin=&pduid=15993559822081918441938&ext=11101100111&source=search_pc&_=1599356007074, line 1: SyntaxError: unexpected token: identifier
JavaScript error: https://p.3.cn/prices/mgets?callback=jQuery881957&type=1&area=19_1601_3633_0&skuIds=J_&pdbp=0&pdtk=&pdpin=&pin=&pduid=15993559822081918441938&ext=11101100111&source=search_pc&_=1599356010718, line 1: SyntaxError: unexpected token: identifier
JavaScript error: https://p.3.cn/prices/mgets?callback=jQuery5710861&type=1&area=19_1601_3633_0&skuIds=J_&pdbp=0&pdtk=&pdpin=&pin=&pduid=15993559822081918441938&ext=11101100111&source=search_pc&_=1599356014786, line 1: SyntaxError: unexpected token: identifier
JavaScript error: https://p.3.cn/prices/mgets?callback=jQuery647474&type=1&area=19_1601_3633_0&skuIds=J_&pdbp=0&pdtk=&pdpin=&pin=&pduid=15993559822081918441938&ext=11101100111&source=search_pc&_=1599356018156, line 1: SyntaxError: unexpected token: identifier
JavaScript error: https://p.3.cn/prices/mgets?callback=jQuery338044&type=1&area=19_1601_3633_0&skuIds=J_&pdbp=0&pdtk=&pdpin=&pin=&pduid=15993559822081918441938&ext=11101100111&source=search_pc&_=1599356021835, line 1: SyntaxError: unexpected token: identifier
JavaScript error: https://p.3.cn/prices/mgets?callback=jQuery5145784&type=1&area=19_1601_3633_0&skuIds=J_&pdbp=0&pdtk=&pdpin=&pin=&pduid=15993559822081918441938&ext=11101100111&source=search_pc&_=1599356025211, line 1: SyntaxError: unexpected token: identifier
JavaScript error: https://p.3.cn/prices/mgets?callback=jQuery3203567&type=1&area=19_1601_3633_0&skuIds=J_&pdbp=0&pdtk=&pdpin=&pin=&pduid=15993559822081918441938&ext=11101100111&source=search_pc&_=1599356028461, line 1: SyntaxError: unexpected token: identifier
JavaScript error: https://p.3.cn/prices/mgets?callback=jQuery7352222&type=1&area=19_1601_3633_0&skuIds=J_&pdbp=0&pdtk=&pdpin=&pin=&pduid=15993559822081918441938&ext=11101100111&source=search_pc&_=1599356031742, line 1: SyntaxError: unexpected token: identifier
JavaScript warning: https://nfa.jd.com/loadFa_toJson.js?aid=2_163_818-2_232_3431-0_0_3743-2_163_6092-2_163_817-2_163_5395-2_163_5394-2_601_3951-0_0_8274&ver=20131107, line 185: unreachable code after return statement
JavaScript error: , line 0: InvalidStateError: Navigated away from page
1599356674554	Marionette	INFO	Stopped listening on port 3615

###!!! [Child][RunMessage] Error: Channel closing: too late to send/recv, messages will be lost


###!!! [Child][MessageChannel::SendAndWait] Error: Channel error: cannot send/recv

1599357355557	mozrunner::runner	INFO	Running command: "C:\\Program Files\\Mozilla Firefox\\firefox.exe" "-marionette" "-foreground" "-no-remote" "-profile" "C:\\Users\\ADMINI~1\\AppData\\Local\\Temp\\rust_mozprofileVdquaK"
JavaScript error: resource://gre/modules/XULStore.jsm, line 66: Error: Can't find profile directory.
console.error: SearchCache: "_readCacheFile: Error reading cache file:" (new Error("", "(unknown module)"))
1599357358362	Marionette	INFO	Listening on port 4091
1599357358675	Marionette	WARN	TLS certificate errors will be ignored for this session
JavaScript error: https://p.3.cn/prices/mgets?callback=jQuery100549&type=1&area=19_1601_3633_0&skuIds=J_&pdbp=0&pdtk=&pdpin=&pin=&pduid=15993573606632143187020&ext=11101100111&source=search_pc&_=1599357362895, line 1: SyntaxError: unexpected token: identifier
JavaScript error: https://p.3.cn/prices/mgets?callback=jQuery2280320&type=1&area=19_1601_3633_0&skuIds=J_&pdbp=0&pdtk=&pdpin=&pin=&pduid=15993573606632143187020&ext=11101100111&source=search_pc&_=1599357376712, line 1: SyntaxError: unexpected token: identifier
JavaScript error: https://p.3.cn/prices/mgets?callback=jQuery3715293&type=1&area=19_1601_3633_0&skuIds=J_&pdbp=0&pdtk=&pdpin=&pin=&pduid=15993573606632143187020&ext=11101100111&source=search_pc&_=1599357382638, line 1: SyntaxError: unexpected token: identifier
JavaScript error: https://p.3.cn/prices/mgets?callback=jQuery2391535&type=1&area=19_1601_3633_0&skuIds=J_&pdbp=0&pdtk=&pdpin=&pin=&pduid=15993573606632143187020&ext=11101100111&source=search_pc&_=1599357386210, line 1: SyntaxError: unexpected token: identifier
1599357511855	Marionette	INFO	Stopped listening on port 4091

###!!! [Child][RunMessage] Error: Channel closing: too late to send/recv, messages will be lost


###!!! [Child][MessageChannel::SendAndWait] Error: Channel error: cannot send/recv

1599357601010	mozrunner::runner	INFO	Running command: "C:\\Program Files\\Mozilla Firefox\\firefox.exe" "-marionette" "-foreground" "-no-remote" "-profile" "C:\\Users\\ADMINI~1\\AppData\\Local\\Temp\\rust_mozprofile5PBbUr"
JavaScript error: resource://gre/modules/XULStore.jsm, line 66: Error: Can't find profile directory.
console.error: SearchCache: "_readCacheFile: Error reading cache file:" (new Error("", "(unknown module)"))
1599357603763	Marionette	INFO	Listening on port 4318
1599357604134	Marionette	WARN	TLS certificate errors will be ignored for this session
console.error: Region.jsm: "Error fetching region" (new AbortError("The operation was aborted. ", (void 0), 689))
console.error: Region.jsm: "Failed to fetch region" (new Error("NO_RESULT", "resource://gre/modules/Region.jsm", 343))
JavaScript error: https://p.3.cn/prices/mgets?callback=jQuery4644266&type=1&area=19_1601_3633_0&skuIds=J_&pdbp=0&pdtk=&pdpin=&pin=&pduid=15993576067032028682534&ext=11101100111&source=search_pc&_=1599357608786, line 1: SyntaxError: unexpected token: identifier
JavaScript error: https://p.3.cn/prices/mgets?callback=jQuery2644897&type=1&area=19_1601_3633_0&skuIds=J_&pdbp=0&pdtk=&pdpin=&pin=&pduid=15993576067032028682534&ext=11101100111&source=search_pc&_=1599357620760, line 1: SyntaxError: unexpected token: identifier
JavaScript error: https://p.3.cn/prices/mgets?callback=jQuery3240834&type=1&area=19_1601_3633_0&skuIds=J_&pdbp=0&pdtk=&pdpin=&pin=&pduid=15993576067032028682534&ext=11101100111&source=search_pc&_=1599357627514, line 1: SyntaxError: unexpected token: identifier
JavaScript error: https://p.3.cn/prices/mgets?callback=jQuery2394547&type=1&area=19_1601_3633_0&skuIds=J_&pdbp=0&pdtk=&pdpin=&pin=&pduid=15993576067032028682534&ext=11101100111&source=search_pc&_=1599357631254, line 1: SyntaxError: unexpected token: identifier
JavaScript error: https://p.3.cn/prices/mgets?callback=jQuery7822521&type=1&area=19_1601_3633_0&skuIds=J_&pdbp=0&pdtk=&pdpin=&pin=&pduid=15993576067032028682534&ext=11101100111&source=search_pc&_=1599357635142, line 1: SyntaxError: unexpected token: identifier
JavaScript error: https://p.3.cn/prices/mgets?callback=jQuery791368&type=1&area=19_1601_3633_0&skuIds=J_&pdbp=0&pdtk=&pdpin=&pin=&pduid=15993576067032028682534&ext=11101100111&source=search_pc&_=1599357638642, line 1: SyntaxError: unexpected token: identifier
JavaScript error: https://p.3.cn/prices/mgets?callback=jQuery1433241&type=1&area=19_1601_3633_0&skuIds=J_&pdbp=0&pdtk=&pdpin=&pin=&pduid=15993576067032028682534&ext=11101100111&source=search_pc&_=1599357642644, line 1: SyntaxError: unexpected token: identifier
JavaScript error: https://p.3.cn/prices/mgets?callback=jQuery2930962&type=1&area=19_1601_3633_0&skuIds=J_&pdbp=0&pdtk=&pdpin=&pin=&pduid=15993576067032028682534&ext=11101100111&source=search_pc&_=1599357647059, line 1: SyntaxError: unexpected token: identifier
JavaScript error: https://p.3.cn/prices/mgets?callback=jQuery2025886&type=1&area=19_1601_3633_0&skuIds=J_&pdbp=0&pdtk=&pdpin=&pin=&pduid=15993576067032028682534&ext=11101100111&source=search_pc&_=1599357651625, line 1: SyntaxError: unexpected token: identifier
JavaScript error: https://p.3.cn/prices/mgets?callback=jQuery2599955&type=1&area=19_1601_3633_0&skuIds=J_&pdbp=0&pdtk=&pdpin=&pin=&pduid=15993576067032028682534&ext=11101100111&source=search_pc&_=1599357656897, line 1: SyntaxError: unexpected token: identifier
JavaScript error: https://p.3.cn/prices/mgets?callback=jQuery8944752&type=1&area=19_1601_3633_0&skuIds=J_&pdbp=0&pdtk=&pdpin=&pin=&pduid=15993576067032028682534&ext=11101100111&source=search_pc&_=1599357660449, line 1: SyntaxError: unexpected token: identifier
JavaScript error: https://p.3.cn/prices/mgets?callback=jQuery6429754&type=1&area=19_1601_3633_0&skuIds=J_&pdbp=0&pdtk=&pdpin=&pin=&pduid=15993576067032028682534&ext=11101100111&source=search_pc&_=1599357663978, line 1: SyntaxError: unexpected token: identifier
JavaScript error: https://p.3.cn/prices/mgets?callback=jQuery1801588&type=1&area=19_1601_3633_0&skuIds=J_&pdbp=0&pdtk=&pdpin=&pin=&pduid=15993576067032028682534&ext=11101100111&source=search_pc&_=1599357667812, line 1: SyntaxError: unexpected token: identifier
JavaScript error: https://p.3.cn/prices/mgets?callback=jQuery9842764&type=1&area=19_1601_3633_0&skuIds=J_&pdbp=0&pdtk=&pdpin=&pin=&pduid=15993576067032028682534&ext=11101100111&source=search_pc&_=1599357671657, line 1: SyntaxError: unexpected token: identifier
JavaScript error: https://p.3.cn/prices/mgets?callback=jQuery5118613&type=1&area=19_1601_3633_0&skuIds=J_&pdbp=0&pdtk=&pdpin=&pin=&pduid=15993576067032028682534&ext=11101100111&source=search_pc&_=1599357676529, line 1: SyntaxError: unexpected token: identifier
JavaScript error: https://p.3.cn/prices/mgets?callback=jQuery9768563&type=1&area=19_1601_3633_0&skuIds=J_&pdbp=0&pdtk=&pdpin=&pin=&pduid=15993576067032028682534&ext=11101100111&source=search_pc&_=1599357680405, line 1: SyntaxError: unexpected token: identifier
JavaScript error: https://p.3.cn/prices/mgets?callback=jQuery8324217&type=1&area=19_1601_3633_0&skuIds=J_&pdbp=0&pdtk=&pdpin=&pin=&pduid=15993576067032028682534&ext=11101100111&source=search_pc&_=1599357684690, line 1: SyntaxError: unexpected token: identifier
JavaScript error: https://p.3.cn/prices/mgets?callback=jQuery2678493&type=1&area=19_1601_3633_0&skuIds=J_&pdbp=0&pdtk=&pdpin=&pin=&pduid=15993576067032028682534&ext=11101100111&source=search_pc&_=1599357688311, line 1: SyntaxError: unexpected token: identifier
JavaScript error: https://p.3.cn/prices/mgets?callback=jQuery2650476&type=1&area=19_1601_3633_0&skuIds=J_&pdbp=0&pdtk=&pdpin=&pin=&pduid=15993576067032028682534&ext=11101100111&source=search_pc&_=1599357691976, line 1: SyntaxError: unexpected token: identifier
JavaScript error: https://p.3.cn/prices/mgets?callback=jQuery7577847&type=1&area=19_1601_3633_0&skuIds=J_&pdbp=0&pdtk=&pdpin=&pin=&pduid=15993576067032028682534&ext=11101100111&source=search_pc&_=1599357695393, line 1: SyntaxError: unexpected token: identifier
1599357697868	Marionette	INFO	Stopped listening on port 4318

###!!! [Child][RunMessage] Error: Channel closing: too late to send/recv, messages will be lost


###!!! [Child][MessageChannel::SendAndWait] Error: Channel error: cannot send/recv

1599357908596	mozrunner::runner	INFO	Running command: "C:\\Program Files\\Mozilla Firefox\\firefox.exe" "-marionette" "-foreground" "-no-remote" "-profile" "C:\\Users\\ADMINI~1\\AppData\\Local\\Temp\\rust_mozprofileQlk6xd"
JavaScript error: resource://gre/modules/XULStore.jsm, line 66: Error: Can't find profile directory.
console.error: SearchCache: "_readCacheFile: Error reading cache file:" (new Error("", "(unknown module)"))
1599357911285	Marionette	INFO	Listening on port 4624
1599357911714	Marionette	WARN	TLS certificate errors will be ignored for this session
1599357934356	mozrunner::runner	INFO	Running command: "C:\\Program Files\\Mozilla Firefox\\firefox.exe" "-marionette" "-foreground" "-no-remote" "-profile" "C:\\Users\\ADMINI~1\\AppData\\Local\\Temp\\rust_mozprofileYmd1Hc"
JavaScript error: resource://gre/modules/XULStore.jsm, line 66: Error: Can't find profile directory.
console.error: SearchCache: "_readCacheFile: Error reading cache file:" (new Error("", "(unknown module)"))
1599357936926	Marionette	INFO	Listening on port 4696
1599357936976	Marionette	WARN	TLS certificate errors will be ignored for this session
JavaScript error: https://p.3.cn/prices/mgets?callback=jQuery3519903&type=1&area=19_1601_3633_0&skuIds=J_&pdbp=0&pdtk=&pdpin=&pin=&pduid=15993579390321758865942&ext=11101100111&source=search_pc&_=1599357940152, line 1: SyntaxError: unexpected token: identifier
JavaScript error: https://p.3.cn/prices/mgets?callback=jQuery194174&type=1&area=19_1601_3633_0&skuIds=J_&pdbp=0&pdtk=&pdpin=&pin=&pduid=15993579390321758865942&ext=11101100111&source=search_pc&_=1599357953363, line 1: SyntaxError: unexpected token: identifier
JavaScript error: https://p.3.cn/prices/mgets?callback=jQuery9171557&type=1&area=19_1601_3633_0&skuIds=J_&pdbp=0&pdtk=&pdpin=&pin=&pduid=15993579390321758865942&ext=11101100111&source=search_pc&_=1599357958163, line 1: SyntaxError: unexpected token: identifier
JavaScript error: https://p.3.cn/prices/mgets?callback=jQuery8585992&type=1&area=19_1601_3633_0&skuIds=J_&pdbp=0&pdtk=&pdpin=&pin=&pduid=15993579390321758865942&ext=11101100111&source=search_pc&_=1599357962010, line 1: SyntaxError: unexpected token: identifier
JavaScript error: https://p.3.cn/prices/mgets?callback=jQuery7557999&type=1&area=19_1601_3633_0&skuIds=J_&pdbp=0&pdtk=&pdpin=&pin=&pduid=15993579390321758865942&ext=11101100111&source=search_pc&_=1599357965866, line 1: SyntaxError: unexpected token: identifier
JavaScript error: https://p.3.cn/prices/mgets?callback=jQuery1029162&type=1&area=19_1601_3633_0&skuIds=J_&pdbp=0&pdtk=&pdpin=&pin=&pduid=15993579390321758865942&ext=11101100111&source=search_pc&_=1599357969778, line 1: SyntaxError: unexpected token: identifier
JavaScript error: https://p.3.cn/prices/mgets?callback=jQuery7144982&type=1&area=19_1601_3633_0&skuIds=J_&pdbp=0&pdtk=&pdpin=&pin=&pduid=15993579390321758865942&ext=11101100111&source=search_pc&_=1599357974072, line 1: SyntaxError: unexpected token: identifier
JavaScript error: https://p.3.cn/prices/mgets?callback=jQuery6365478&type=1&area=19_1601_3633_0&skuIds=J_&pdbp=0&pdtk=&pdpin=&pin=&pduid=15993579390321758865942&ext=11101100111&source=search_pc&_=1599357978719, line 1: SyntaxError: unexpected token: identifier
JavaScript error: https://p.3.cn/prices/mgets?callback=jQuery7703307&type=1&area=19_1601_3633_0&skuIds=J_&pdbp=0&pdtk=&pdpin=&pin=&pduid=15993579390321758865942&ext=11101100111&source=search_pc&_=1599357986504, line 1: SyntaxError: unexpected token: identifier
JavaScript error: https://p.3.cn/prices/mgets?callback=jQuery500894&type=1&area=19_1601_3633_0&skuIds=J_&pdbp=0&pdtk=&pdpin=&pin=&pduid=15993579390321758865942&ext=11101100111&source=search_pc&_=1599357990256, line 1: SyntaxError: unexpected token: identifier
JavaScript error: https://p.3.cn/prices/mgets?callback=jQuery8588550&type=1&area=19_1601_3633_0&skuIds=J_&pdbp=0&pdtk=&pdpin=&pin=&pduid=15993579390321758865942&ext=11101100111&source=search_pc&_=1599357993834, line 1: SyntaxError: unexpected token: identifier
JavaScript error: https://p.3.cn/prices/mgets?callback=jQuery2226137&type=1&area=19_1601_3633_0&skuIds=J_&pdbp=0&pdtk=&pdpin=&pin=&pduid=15993579390321758865942&ext=11101100111&source=search_pc&_=1599357998090, line 1: SyntaxError: unexpected token: identifier
JavaScript error: https://p.3.cn/prices/mgets?callback=jQuery40512&type=1&area=19_1601_3633_0&skuIds=J_&pdbp=0&pdtk=&pdpin=&pin=&pduid=15993579390321758865942&ext=11101100111&source=search_pc&_=1599358002960, line 1: SyntaxError: unexpected token: identifier
JavaScript error: https://p.3.cn/prices/mgets?callback=jQuery8617595&type=1&area=19_1601_3633_0&skuIds=J_&pdbp=0&pdtk=&pdpin=&pin=&pduid=15993579390321758865942&ext=11101100111&source=search_pc&_=1599358006926, line 1: SyntaxError: unexpected token: identifier
JavaScript error: https://p.3.cn/prices/mgets?callback=jQuery8269193&type=1&area=19_1601_3633_0&skuIds=J_&pdbp=0&pdtk=&pdpin=&pin=&pduid=15993579390321758865942&ext=11101100111&source=search_pc&_=1599358011044, line 1: SyntaxError: unexpected token: identifier
JavaScript error: https://p.3.cn/prices/mgets?callback=jQuery2115112&type=1&area=19_1601_3633_0&skuIds=J_&pdbp=0&pdtk=&pdpin=&pin=&pduid=15993579390321758865942&ext=11101100111&source=search_pc&_=1599358015767, line 1: SyntaxError: unexpected token: identifier
JavaScript error: https://p.3.cn/prices/mgets?callback=jQuery6628975&type=1&area=19_1601_3633_0&skuIds=J_&pdbp=0&pdtk=&pdpin=&pin=&pduid=15993579390321758865942&ext=11101100111&source=search_pc&_=1599358019848, line 1: SyntaxError: unexpected token: identifier
JavaScript error: https://p.3.cn/prices/mgets?callback=jQuery4257540&type=1&area=19_1601_3633_0&skuIds=J_&pdbp=0&pdtk=&pdpin=&pin=&pduid=15993579390321758865942&ext=11101100111&source=search_pc&_=1599358024856, line 1: SyntaxError: unexpected token: identifier
JavaScript error: https://p.3.cn/prices/mgets?callback=jQuery3808262&type=1&area=19_1601_3633_0&skuIds=J_&pdbp=0&pdtk=&pdpin=&pin=&pduid=15993579390321758865942&ext=11101100111&source=search_pc&_=1599358029024, line 1: SyntaxError: unexpected token: identifier
JavaScript error: https://p.3.cn/prices/mgets?callback=jQuery8288681&type=1&area=19_1601_3633_0&skuIds=J_&pdbp=0&pdtk=&pdpin=&pin=&pduid=15993579390321758865942&ext=11101100111&source=search_pc&_=1599358036002, line 1: SyntaxError: unexpected token: identifier
1599358038588	Marionette	INFO	Stopped listening on port 4696

###!!! [Child][RunMessage] Error: Channel closing: too late to send/recv, messages will be lost


###!!! [Child][MessageChannel::SendAndWait] Error: Channel error: cannot send/recv

1599358167704	mozrunner::runner	INFO	Running command: "C:\\Program Files\\Mozilla Firefox\\firefox.exe" "-marionette" "-foreground" "-no-remote" "-profile" "C:\\Users\\ADMINI~1\\AppData\\Local\\Temp\\rust_mozprofilekgrQtt"
JavaScript error: resource://gre/modules/XULStore.jsm, line 66: Error: Can't find profile directory.
console.error: SearchCache: "_readCacheFile: Error reading cache file:" (new Error("", "(unknown module)"))
1599358170360	Marionette	INFO	Listening on port 4970
1599358170819	Marionette	WARN	TLS certificate errors will be ignored for this session
JavaScript error: https://p.3.cn/prices/mgets?callback=jQuery536517&type=1&area=19_1601_3633_0&skuIds=J_&pdbp=0&pdtk=&pdpin=&pin=&pduid=1599358173228433428501&ext=11101100111&source=search_pc&_=1599358178854, line 1: SyntaxError: unexpected token: identifier
JavaScript error: https://p.3.cn/prices/mgets?callback=jQuery2963688&type=1&area=19_1601_3633_0&skuIds=J_&pdbp=0&pdtk=&pdpin=&pin=&pduid=1599358173228433428501&ext=11101100111&source=search_pc&_=1599358185264, line 1: SyntaxError: unexpected token: identifier
JavaScript error: https://p.3.cn/prices/mgets?callback=jQuery4279522&type=1&area=19_1601_3633_0&skuIds=J_&pdbp=0&pdtk=&pdpin=&pin=&pduid=1599358173228433428501&ext=11101100111&source=search_pc&_=1599358189102, line 1: SyntaxError: unexpected token: identifier
JavaScript error: https://p.3.cn/prices/mgets?callback=jQuery8780708&type=1&area=19_1601_3633_0&skuIds=J_&pdbp=0&pdtk=&pdpin=&pin=&pduid=1599358173228433428501&ext=11101100111&source=search_pc&_=1599358193005, line 1: SyntaxError: unexpected token: identifier
JavaScript error: https://p.3.cn/prices/mgets?callback=jQuery3595272&type=1&area=19_1601_3633_0&skuIds=J_&pdbp=0&pdtk=&pdpin=&pin=&pduid=1599358173228433428501&ext=11101100111&source=search_pc&_=1599358196816, line 1: SyntaxError: unexpected token: identifier
JavaScript error: https://p.3.cn/prices/mgets?callback=jQuery4661117&type=1&area=19_1601_3633_0&skuIds=J_&pdbp=0&pdtk=&pdpin=&pin=&pduid=1599358173228433428501&ext=11101100111&source=search_pc&_=1599358200588, line 1: SyntaxError: unexpected token: identifier
JavaScript error: https://p.3.cn/prices/mgets?callback=jQuery6453067&type=1&area=19_1601_3633_0&skuIds=J_&pdbp=0&pdtk=&pdpin=&pin=&pduid=1599358173228433428501&ext=11101100111&source=search_pc&_=1599358205704, line 1: SyntaxError: unexpected token: identifier
JavaScript error: https://p.3.cn/prices/mgets?callback=jQuery1275264&type=1&area=19_1601_3633_0&skuIds=J_&pdbp=0&pdtk=&pdpin=&pin=&pduid=1599358173228433428501&ext=11101100111&source=search_pc&_=1599358209709, line 1: SyntaxError: unexpected token: identifier
JavaScript error: https://p.3.cn/prices/mgets?callback=jQuery9232108&type=1&area=19_1601_3633_0&skuIds=J_&pdbp=0&pdtk=&pdpin=&pin=&pduid=1599358173228433428501&ext=11101100111&source=search_pc&_=1599358214248, line 1: SyntaxError: unexpected token: identifier
JavaScript error: https://p.3.cn/prices/mgets?callback=jQuery3208821&type=1&area=19_1601_3633_0&skuIds=J_&pdbp=0&pdtk=&pdpin=&pin=&pduid=1599358173228433428501&ext=11101100111&source=search_pc&_=1599358217699, line 1: SyntaxError: unexpected token: identifier
JavaScript error: https://p.3.cn/prices/mgets?callback=jQuery7357476&type=1&area=19_1601_3633_0&skuIds=J_&pdbp=0&pdtk=&pdpin=&pin=&pduid=1599358173228433428501&ext=11101100111&source=search_pc&_=1599358221206, line 1: SyntaxError: unexpected token: identifier
JavaScript error: https://p.3.cn/prices/mgets?callback=jQuery8503525&type=1&area=19_1601_3633_0&skuIds=J_&pdbp=0&pdtk=&pdpin=&pin=&pduid=1599358173228433428501&ext=11101100111&source=search_pc&_=1599358224821, line 1: SyntaxError: unexpected token: identifier
JavaScript error: https://p.3.cn/prices/mgets?callback=jQuery1744573&type=1&area=19_1601_3633_0&skuIds=J_&pdbp=0&pdtk=&pdpin=&pin=&pduid=1599358173228433428501&ext=11101100111&source=search_pc&_=1599358229271, line 1: SyntaxError: unexpected token: identifier
JavaScript error: https://p.3.cn/prices/mgets?callback=jQuery5949254&type=1&area=19_1601_3633_0&skuIds=J_&pdbp=0&pdtk=&pdpin=&pin=&pduid=1599358173228433428501&ext=11101100111&source=search_pc&_=1599358232753, line 1: SyntaxError: unexpected token: identifier
JavaScript error: https://p.3.cn/prices/mgets?callback=jQuery4345278&type=1&area=19_1601_3633_0&skuIds=J_&pdbp=0&pdtk=&pdpin=&pin=&pduid=1599358173228433428501&ext=11101100111&source=search_pc&_=1599358236691, line 1: SyntaxError: unexpected token: identifier
JavaScript error: https://p.3.cn/prices/mgets?callback=jQuery1718772&type=1&area=19_1601_3633_0&skuIds=J_&pdbp=0&pdtk=&pdpin=&pin=&pduid=1599358173228433428501&ext=11101100111&source=search_pc&_=1599358240354, line 1: SyntaxError: unexpected token: identifier
JavaScript error: https://p.3.cn/prices/mgets?callback=jQuery2314988&type=1&area=19_1601_3633_0&skuIds=J_&pdbp=0&pdtk=&pdpin=&pin=&pduid=1599358173228433428501&ext=11101100111&source=search_pc&_=1599358243720, line 1: SyntaxError: unexpected token: identifier
JavaScript error: https://p.3.cn/prices/mgets?callback=jQuery5353326&type=1&area=19_1601_3633_0&skuIds=J_&pdbp=0&pdtk=&pdpin=&pin=&pduid=1599358173228433428501&ext=11101100111&source=search_pc&_=1599358247215, line 1: SyntaxError: unexpected token: identifier
JavaScript error: https://p.3.cn/prices/mgets?callback=jQuery803869&type=1&area=19_1601_3633_0&skuIds=J_&pdbp=0&pdtk=&pdpin=&pin=&pduid=1599358173228433428501&ext=11101100111&source=search_pc&_=1599358251278, line 1: SyntaxError: unexpected token: identifier
JavaScript error: https://p.3.cn/prices/mgets?callback=jQuery6008122&type=1&area=19_1601_3633_0&skuIds=J_&pdbp=0&pdtk=&pdpin=&pin=&pduid=1599358173228433428501&ext=11101100111&source=search_pc&_=1599358254961, line 1: SyntaxError: unexpected token: identifier
1599358257847	Marionette	INFO	Stopped listening on port 4970

###!!! [Child][MessageChannel::SendAndWait] Error: Channel error: cannot send/recv

